GGGGGTCATATCCGCCGCGGAGTAGGATTTCG
TGCGAACTCGGGGTGGTCCTTGGGAACTAACC
GGGGGGGGGGGGGGGGGGGGGGGGGGGGGGGG
GTTTGTAATTTTATACTACTGGTAGAGGTTCT
CATATGAGGGTACCAGCTGAATAAGAGTGTTC
CCGGACCCTGCTACATTAAGCGTGCGATCTCT
CAGGAGTAGCACCCTTAGACAGTGGGCACTCC
TCCTCGAGGCCCTCTCAGACCGCAGAGCGTCT
GGTAGGGCGCCATGAGCCTTGCGCCGATGTTC
TATGTTTTACGGAAATGACGTGCATTGTGGTT
GGCATAGTCTGCTTAAGCGCTATATTATTCCT
TCAACTTCTGCAAGCGCAGTCCGGCGCTCGTC
ATTTGAACAAATCTCGATTGGATTGCATTTCT
TACCAATTTCGTATTTGACCGTCGATGAATTT
TCGAGGAAAGAGGCGGCTGGAGTTAGGCAACT
ATCTAAAAGGAGGGAATCCGTTGGAGGCAGCT
GAGGGTGTCTGCGCAAACGCTGACAATCCTCT
GGGTCCACAGGGTCGGGGTAGTATGGGGAGCT
GTGCTGAAGGTTTATTCTAGAAATCGTGGTTT
GGGGAGGCTCAGGGGGTCTGGCCTAAAAAATT
CGTTCGGAGTCGGGATGTGCCTGGGCCGAGTT
GTTTGTTATTTTATACTACTGGTAGAGGTTCT
GGCATAGTCTGCTTTAGCGCTATATTATTCCT
GGGGGTCATTTCCGCCGCGGAGTAGGATTTCG
TTGCAGTGGTTCATGTTCCTCCGGATTGTCTT
ACTTCCGAGCTCCCTTCTCAAGGCCAGTCATT
CCACTCTGTGTAAATTGGTCGTAGGCATAGCT
AGTATCATCGAATGGATATGCGTCGCTGGTTT
GTTTGTAATTTTATTCTACTGGTAGAGGTTCT
CGGCCGCCGTTTAATGGGTGGACAGGTTTTTT
GTTTGTAATTTTATACTACTGGTAGTGGTTCT
GTTTGTAATTTTATACTTCTGGTAGAGGTTCT
GGGGGTCTTTTCCGCCGCGGAGTAGGATTTCG
GGTTGTAATTTTATACTACTGGTAGAGGTTCT
GAGATTATGGTGCATACTTCTGAAGGGAGGTT
AAACTTACAAGCATGAACACACGTACAGACCT
CTGCATGAGCAGAAGGAAGGAGTACTCGGGTT
TTGGGTGACGGGGGGGCGCCTTCCAGTGCGCT
GGGGGGCTTTTCCGCCGCGGAGTAGGATTTCG
GTTTGTAATTTTATACTAATGGTAGAGGTTCT
GTGGGTGTCTGCGCAAACGCTGACAATCCTCT
GGCATTGTCTGCTTAAGCGCTATATTATTCCT
GACGTAAATGGCTTTGCGAAAGGCGGGTTTTT
GGGGGTCTTATCCGCCGCGGAGTAGGATTTCG
GGTTGGGCGCCATGAGCCTTGCGCCGATGTTC
GAGGCATGAGGATTGCGCTGAGAGCCGAGTCC
TGCGTACTCGGGGTGGTCCTTGGGAACTAACC
GGGGGGCATATCCGCCGCGGAGTAGGATTTCG
GGGGGGGTTTTCCGCCGCGGAGTAGGATTTCG
GGGGGGCGTTTCCGCCGCGGAGTAGGATTTCG
GGGTGTTTTTTTATACTACTGGTAGAGGTTCT
GGGTGTTATTTTATACTACTGGTAGAGGTTCT
GGCATAGTCTGCTTATGCGCTATATTATTCCT
CTCAGATTTAGGCACTCACCCGGATGGGATCC
TTTTGAAGCATAAGGGCATTCTACGAGGTCTT
GGTTGTTTTTTTATACTACTGGTAGAGGTTCT
GGCGAACTCGGGGTGGTCCTTGGGAACTAACC
GTTTGTAATTTTTTACTACTGGTAGAGGTTCT
TGCGAGCTCGGGGTGGTCCTTGGGAACTAACC
GGGGGGGGGGGGGGGGGGGGGGGGGGTGGGGG
GGCATAGTCTGCTTTTGCGCTATATTATTCCT
GGCTTTGTCTGCTTTAGCGCTATATTATTCCT
GGCATTGTCTGCTTTAGCGCTATATTATTCCT
GTTTGTATTTTTATACTACTGGTAGAGGTTCT
TGGGGGGGGGGGGGGGGGGGGGGGGGGGGGGG
GATTTAACTAGGGAGTACACTAGGCATAACCT
GTTTGTAATTTTATACTACTGGTAGAGTTTCT
TGCGTGCTCGGGGTGGTCCTTGGGAACTAACC
GTTTGTAATTTTATTCTTCTGGTAGAGGTTCT
GTCTAAAAGGAGGGAATCCGTTGGAGGCAGCT
GGGGGGCTTATCCGCCGCGGAGTAGGATTTCG
GTTTGTTATTTTATTCTACTGGTAGAGGTTCT
TTTGTTTTACGGAAATGACGTGCATTGTGGTT
TTTTGAACAAATCTCGATTGGATTGCATTTCT
TGGGTGCTCGGGGTGGTCCTTGGGAACTAACC
TGTGTTTTACGGAAATGACGTGCATTGTGGTT
AGGGGCCGGCCCCTCACTCGAGTCCATACGCC
TTTATCTTTATATTTTGATGAGGACACTGTTT
CTAAGTGTTCAGGAGGAAGGACACATAAAGTC
ACCTGTGACGACGTTCTCGAGTCTATTATGCT
GGCGTGCTCGGGGTGGTCCTTGGGAACTAACC
GGGTGTATTTTTATACTACTGGTAGAGGTTCT
GTTTGTTATTTTATACTTCTGGTAGAGGTTCT
GGCTTAGTCTGCTTATGCGCTATATTATTCCT
TGGGGGCTCGGGGTGGTCCTTGGGAACTAACC
GGGGGGGGTTTCCGCCGCGGAGTAGGATTTCG
GGGGGGGGTCGGGGGGTCTGGCCTAAAAAATT
GGTTGTTATTTTATACTACTGGTAGAGGTTCT
GTTTGTTTTTTTATACTACTGGTAGAGGTTCT
GGTTGTAATTTTATTCTACTGGTAGAGGTTCT
GGGGGGGGGGGGGGGGGGGGGGGGGTGGGGGG
GTGCTGTAGGTTTATTCTAGAAATCGTGGTTT
GTTTGTAATTTTATACTACTGGTAGATGTTCT
GGCATTGTCTGCTTTTGCGCTATATTATTCCT
GGGGGGGGGGGGGGGGGGGGGGTGGGGGGGGG
GGGGGGCGGTTCCGCCGCGGAGTAGGATTTCG
GTGTTTATGGTGCATACTTCTGAAGGGAGGTT
GTCGTAAATGGCTTTGCGAAAGGCGGGTTTTT
GGGGGGGGGGGGGGGGGGGGGGGGGGGGGGCG
GGGTGTAATTTTATACTACTGGTAGAGGTTCT
GGGGGTCATATCCGCCGCGGAGTTGGATTTCG
GGGTTTGTCTGCTTTTGCGCTATATTATTCCT
GGGGGGGGGTTCCGCCGCGGAGTAGGATTTCG
GGGGTGGCTCAGGGGGTCTGGCCTAAAAAATT
GGGGGGGGTGGGGGGGGGGGGGGGGGGGGGGG
TTCCAATTTCGTATTTGACCGTCGATGAATTT
TATGTTTTACGGAAATGTCGTGCATTGTGGTT
TGCGACCTCGGGGTGGTCCTTGGGAACTAACC
GGGTCGTCACGCGAAAGTGGCGATTGAGGGCC
AGCAACCCGTTAAATCCACCCACTTCCATACC
GTTTTAACTAGGGAGTACACTAGGCATAACCT
ACGGTCTATAATGGCTCAACCTCCGTACAGTT
